<?xml version="1.0" encoding="UTF-8"?>
<!-- Generated by org.testng.reporters.JUnitReportReporter -->
<testsuite hostname="bngabtsrvuat" failures="0" tests="1" name="Assert.PropertiesFile" time="0.017" errors="0" timestamp="2022-06-15T10:28:57 IST" skipped="0">
  <testcase classname="Assert.PropertiesFile" name="getproperties" time="0.017"/>
  <system-out/>
</testsuite> <!-- Assert.PropertiesFile -->
