<?xml version="1.0" encoding="UTF-8"?>
<!-- Generated by org.testng.reporters.JUnitReportReporter -->
<testsuite hostname="bngabtsrvuat" failures="0" tests="1" name="utils.test" time="1.187" errors="0" timestamp="2022-06-15T10:28:57 IST" skipped="0">
  <testcase classname="utils.test" name="testData" time="1.187"/>
  <system-out/>
</testsuite> <!-- utils.test -->
